ERROR - 2016-11-01 08:11:50 --> 404 Page Not Found: /index
ERROR - 2016-11-01 08:11:50 --> 404 Page Not Found: Themes/core
ERROR - 2016-11-01 08:23:50 --> 404 Page Not Found: /index
ERROR - 2016-11-01 08:23:50 --> 404 Page Not Found: Themes/core
ERROR - 2016-11-01 08:27:51 --> 404 Page Not Found: /index
ERROR - 2016-11-01 08:27:51 --> 404 Page Not Found: Themes/core
ERROR - 2016-11-01 08:41:09 --> 404 Page Not Found: /index
ERROR - 2016-11-01 08:41:14 --> 404 Page Not Found: /index
ERROR - 2016-11-01 08:43:07 --> 404 Page Not Found: Index/index
ERROR - 2016-11-01 08:45:33 --> 404 Page Not Found: /index
ERROR - 2016-11-01 08:45:59 --> 404 Page Not Found: /index
ERROR - 2016-11-01 08:46:03 --> 404 Page Not Found: portal//index
ERROR - 2016-11-01 08:46:07 --> 404 Page Not Found: portal/Login/index
ERROR - 2016-11-01 08:46:13 --> 404 Page Not Found: Themes/core
ERROR - 2016-11-01 08:46:17 --> 404 Page Not Found: Themes/core
ERROR - 2016-11-01 08:46:17 --> 404 Page Not Found: Themes/core
ERROR - 2016-11-01 08:46:22 --> 404 Page Not Found: Themes/core
ERROR - 2016-11-01 08:46:26 --> 404 Page Not Found: /index
INFO - 2016-11-01 08:53:25 --> Config Class Initialized
INFO - 2016-11-01 08:53:25 --> Hooks Class Initialized
DEBUG - 2016-11-01 08:53:25 --> UTF-8 Support Enabled
INFO - 2016-11-01 08:53:25 --> Utf8 Class Initialized
INFO - 2016-11-01 08:53:25 --> URI Class Initialized
INFO - 2016-11-01 08:53:25 --> Router Class Initialized
INFO - 2016-11-01 08:53:25 --> Output Class Initialized
INFO - 2016-11-01 08:53:25 --> Security Class Initialized
DEBUG - 2016-11-01 08:53:25 --> Global POST, GET and COOKIE data sanitized
INFO - 2016-11-01 08:53:25 --> Input Class Initialized
INFO - 2016-11-01 08:53:25 --> Language Class Initialized
ERROR - 2016-11-01 08:53:25 --> 404 Page Not Found: /index
INFO - 2016-11-01 08:56:57 --> Config Class Initialized
INFO - 2016-11-01 08:56:57 --> Hooks Class Initialized
DEBUG - 2016-11-01 08:56:57 --> UTF-8 Support Enabled
INFO - 2016-11-01 08:56:57 --> Utf8 Class Initialized
INFO - 2016-11-01 08:56:57 --> URI Class Initialized
INFO - 2016-11-01 08:56:57 --> Router Class Initialized
INFO - 2016-11-01 08:56:57 --> Output Class Initialized
INFO - 2016-11-01 08:56:57 --> Security Class Initialized
DEBUG - 2016-11-01 08:56:57 --> Global POST, GET and COOKIE data sanitized
INFO - 2016-11-01 08:56:57 --> Input Class Initialized
INFO - 2016-11-01 08:56:57 --> Language Class Initialized
ERROR - 2016-11-01 08:56:57 --> 404 Page Not Found: /index
INFO - 2016-11-01 08:57:19 --> Config Class Initialized
INFO - 2016-11-01 08:57:19 --> Hooks Class Initialized
DEBUG - 2016-11-01 08:57:19 --> UTF-8 Support Enabled
INFO - 2016-11-01 08:57:19 --> Utf8 Class Initialized
INFO - 2016-11-01 08:57:19 --> URI Class Initialized
INFO - 2016-11-01 08:57:19 --> Router Class Initialized
INFO - 2016-11-01 08:57:19 --> Output Class Initialized
INFO - 2016-11-01 08:57:19 --> Security Class Initialized
DEBUG - 2016-11-01 08:57:19 --> Global POST, GET and COOKIE data sanitized
INFO - 2016-11-01 08:57:19 --> Input Class Initialized
INFO - 2016-11-01 08:57:19 --> Language Class Initialized
ERROR - 2016-11-01 08:57:19 --> 404 Page Not Found: /index
INFO - 2016-11-01 08:58:45 --> Config Class Initialized
INFO - 2016-11-01 08:58:45 --> Hooks Class Initialized
DEBUG - 2016-11-01 08:58:45 --> UTF-8 Support Enabled
INFO - 2016-11-01 08:58:45 --> Utf8 Class Initialized
INFO - 2016-11-01 08:58:45 --> URI Class Initialized
INFO - 2016-11-01 08:58:45 --> Router Class Initialized
INFO - 2016-11-01 08:58:45 --> Output Class Initialized
INFO - 2016-11-01 08:58:45 --> Security Class Initialized
DEBUG - 2016-11-01 08:58:45 --> Global POST, GET and COOKIE data sanitized
INFO - 2016-11-01 08:58:45 --> Input Class Initialized
INFO - 2016-11-01 08:58:45 --> Language Class Initialized
ERROR - 2016-11-01 08:58:45 --> 404 Page Not Found: /index
INFO - 2016-11-01 09:00:43 --> Config Class Initialized
INFO - 2016-11-01 09:00:43 --> Hooks Class Initialized
DEBUG - 2016-11-01 09:00:43 --> UTF-8 Support Enabled
INFO - 2016-11-01 09:00:43 --> Utf8 Class Initialized
INFO - 2016-11-01 09:00:43 --> URI Class Initialized
INFO - 2016-11-01 09:00:43 --> Router Class Initialized
INFO - 2016-11-01 09:00:43 --> Output Class Initialized
INFO - 2016-11-01 09:00:43 --> Security Class Initialized
DEBUG - 2016-11-01 09:00:43 --> Global POST, GET and COOKIE data sanitized
INFO - 2016-11-01 09:00:43 --> Input Class Initialized
INFO - 2016-11-01 09:00:43 --> Language Class Initialized
ERROR - 2016-11-01 09:00:43 --> 404 Page Not Found: /index
INFO - 2016-11-01 11:04:25 --> Config Class Initialized
INFO - 2016-11-01 11:04:25 --> Hooks Class Initialized
DEBUG - 2016-11-01 11:04:25 --> UTF-8 Support Enabled
INFO - 2016-11-01 11:04:25 --> Utf8 Class Initialized
INFO - 2016-11-01 11:04:25 --> URI Class Initialized
INFO - 2016-11-01 11:04:25 --> Router Class Initialized
INFO - 2016-11-01 11:04:25 --> Output Class Initialized
INFO - 2016-11-01 11:04:25 --> Security Class Initialized
DEBUG - 2016-11-01 11:04:25 --> Global POST, GET and COOKIE data sanitized
INFO - 2016-11-01 11:04:25 --> Input Class Initialized
INFO - 2016-11-01 11:04:25 --> Language Class Initialized
ERROR - 2016-11-01 11:04:25 --> 404 Page Not Found: /index
INFO - 2016-11-01 11:46:18 --> Config Class Initialized
INFO - 2016-11-01 11:46:18 --> Hooks Class Initialized
DEBUG - 2016-11-01 11:46:18 --> UTF-8 Support Enabled
INFO - 2016-11-01 11:46:18 --> Utf8 Class Initialized
INFO - 2016-11-01 11:46:18 --> URI Class Initialized
INFO - 2016-11-01 11:46:18 --> Router Class Initialized
INFO - 2016-11-01 11:46:18 --> Output Class Initialized
INFO - 2016-11-01 11:46:18 --> Security Class Initialized
DEBUG - 2016-11-01 11:46:18 --> Global POST, GET and COOKIE data sanitized
INFO - 2016-11-01 11:46:18 --> Input Class Initialized
INFO - 2016-11-01 11:46:18 --> Language Class Initialized
ERROR - 2016-11-01 11:46:18 --> 404 Page Not Found: /index
INFO - 2016-11-01 11:48:01 --> Config Class Initialized
INFO - 2016-11-01 11:48:01 --> Hooks Class Initialized
DEBUG - 2016-11-01 11:48:01 --> UTF-8 Support Enabled
INFO - 2016-11-01 11:48:01 --> Utf8 Class Initialized
INFO - 2016-11-01 11:48:01 --> URI Class Initialized
INFO - 2016-11-01 11:48:01 --> Router Class Initialized
INFO - 2016-11-01 11:48:01 --> Output Class Initialized
INFO - 2016-11-01 11:48:01 --> Security Class Initialized
DEBUG - 2016-11-01 11:48:01 --> Global POST, GET and COOKIE data sanitized
INFO - 2016-11-01 11:48:01 --> Input Class Initialized
INFO - 2016-11-01 11:48:01 --> Language Class Initialized
ERROR - 2016-11-01 11:48:01 --> 404 Page Not Found: /index
INFO - 2016-11-01 11:59:47 --> Config Class Initialized
INFO - 2016-11-01 11:59:47 --> Hooks Class Initialized
DEBUG - 2016-11-01 11:59:47 --> UTF-8 Support Enabled
INFO - 2016-11-01 11:59:47 --> Utf8 Class Initialized
INFO - 2016-11-01 11:59:47 --> URI Class Initialized
INFO - 2016-11-01 11:59:47 --> Router Class Initialized
INFO - 2016-11-01 11:59:47 --> Output Class Initialized
INFO - 2016-11-01 11:59:47 --> Security Class Initialized
DEBUG - 2016-11-01 11:59:47 --> Global POST, GET and COOKIE data sanitized
INFO - 2016-11-01 11:59:47 --> Input Class Initialized
INFO - 2016-11-01 11:59:47 --> Language Class Initialized
ERROR - 2016-11-01 11:59:47 --> 404 Page Not Found: /index
INFO - 2016-11-01 12:06:15 --> Config Class Initialized
INFO - 2016-11-01 12:06:15 --> Hooks Class Initialized
DEBUG - 2016-11-01 12:06:15 --> UTF-8 Support Enabled
INFO - 2016-11-01 12:06:15 --> Utf8 Class Initialized
INFO - 2016-11-01 12:06:15 --> URI Class Initialized
INFO - 2016-11-01 12:06:15 --> Router Class Initialized
INFO - 2016-11-01 12:06:15 --> Output Class Initialized
INFO - 2016-11-01 12:06:15 --> Security Class Initialized
DEBUG - 2016-11-01 12:06:15 --> Global POST, GET and COOKIE data sanitized
INFO - 2016-11-01 12:06:15 --> Input Class Initialized
INFO - 2016-11-01 12:06:15 --> Language Class Initialized
ERROR - 2016-11-01 12:06:15 --> 404 Page Not Found: /index
INFO - 2016-11-01 12:06:28 --> Config Class Initialized
INFO - 2016-11-01 12:06:28 --> Hooks Class Initialized
DEBUG - 2016-11-01 12:06:28 --> UTF-8 Support Enabled
INFO - 2016-11-01 12:06:28 --> Utf8 Class Initialized
INFO - 2016-11-01 12:06:28 --> URI Class Initialized
INFO - 2016-11-01 12:06:28 --> Router Class Initialized
INFO - 2016-11-01 12:06:28 --> Output Class Initialized
INFO - 2016-11-01 12:06:28 --> Security Class Initialized
DEBUG - 2016-11-01 12:06:28 --> Global POST, GET and COOKIE data sanitized
INFO - 2016-11-01 12:06:28 --> Input Class Initialized
INFO - 2016-11-01 12:06:28 --> Language Class Initialized
INFO - 2016-11-01 12:06:28 --> Loader Class Initialized
DEBUG - 2016-11-01 12:06:28 --> Config file loaded: /usr/www/users/portazyyvj/application/config/core.php
INFO - 2016-11-01 12:06:28 --> Helper loaded: core_helper
INFO - 2016-11-01 12:06:28 --> Helper loaded: url_helper
INFO - 2016-11-01 12:06:28 --> Helper loaded: form_helper
INFO - 2016-11-01 12:06:28 --> Helper loaded: language_helper
INFO - 2016-11-01 12:06:28 --> Helper loaded: date_helper
INFO - 2016-11-01 12:06:28 --> Helper loaded: notify_helper
INFO - 2016-11-01 12:06:28 --> Helper loaded: _create_user_session_helper
INFO - 2016-11-01 12:06:28 --> Helper loaded: _get_dropdown_all_helper
INFO - 2016-11-01 12:06:28 --> Helper loaded: _get_dropdown_by_id_helper
INFO - 2016-11-01 12:06:28 --> Helper loaded: _get_record_by_id_helper
INFO - 2016-11-01 12:06:28 --> Helper loaded: _get_record_all_helper
INFO - 2016-11-01 12:06:28 --> Language file loaded: language/english/core_lang.php
INFO - 2016-11-01 12:06:28 --> Database Driver Class Initialized
INFO - 2016-11-01 12:06:28 --> Session: Class initialized using 'database' driver.
INFO - 2016-11-01 12:06:28 --> Form Validation Class Initialized
INFO - 2016-11-01 12:06:28 --> Email Class Initialized
INFO - 2016-11-01 12:06:28 --> Controller Class Initialized
INFO - 2016-11-01 12:06:28 --> Database Driver Class Initialized
INFO - 2016-11-01 12:06:28 --> Encrypt Class Initialized
INFO - 2016-11-01 12:06:28 --> Model Class Initialized
INFO - 2016-11-01 12:06:28 --> Final output sent to browser
DEBUG - 2016-11-01 12:06:28 --> Total execution time: 0.0302
INFO - 2016-11-01 12:06:34 --> Config Class Initialized
INFO - 2016-11-01 12:06:34 --> Hooks Class Initialized
DEBUG - 2016-11-01 12:06:34 --> UTF-8 Support Enabled
INFO - 2016-11-01 12:06:34 --> Utf8 Class Initialized
INFO - 2016-11-01 12:06:34 --> URI Class Initialized
INFO - 2016-11-01 12:06:34 --> Router Class Initialized
INFO - 2016-11-01 12:06:34 --> Output Class Initialized
INFO - 2016-11-01 12:06:34 --> Security Class Initialized
DEBUG - 2016-11-01 12:06:34 --> Global POST, GET and COOKIE data sanitized
INFO - 2016-11-01 12:06:34 --> Input Class Initialized
INFO - 2016-11-01 12:06:34 --> Language Class Initialized
ERROR - 2016-11-01 12:06:34 --> 404 Page Not Found: /index
INFO - 2016-11-01 12:07:12 --> Config Class Initialized
INFO - 2016-11-01 12:07:12 --> Hooks Class Initialized
DEBUG - 2016-11-01 12:07:12 --> UTF-8 Support Enabled
INFO - 2016-11-01 12:07:12 --> Utf8 Class Initialized
INFO - 2016-11-01 12:07:12 --> URI Class Initialized
INFO - 2016-11-01 12:07:12 --> Router Class Initialized
INFO - 2016-11-01 12:07:12 --> Output Class Initialized
INFO - 2016-11-01 12:07:12 --> Security Class Initialized
DEBUG - 2016-11-01 12:07:12 --> Global POST, GET and COOKIE data sanitized
INFO - 2016-11-01 12:07:12 --> Input Class Initialized
INFO - 2016-11-01 12:07:12 --> Language Class Initialized
INFO - 2016-11-01 12:07:12 --> Loader Class Initialized
DEBUG - 2016-11-01 12:07:12 --> Config file loaded: /usr/www/users/portazyyvj/application/config/core.php
INFO - 2016-11-01 12:07:12 --> Helper loaded: core_helper
INFO - 2016-11-01 12:07:12 --> Helper loaded: url_helper
INFO - 2016-11-01 12:07:12 --> Helper loaded: form_helper
INFO - 2016-11-01 12:07:12 --> Helper loaded: language_helper
INFO - 2016-11-01 12:07:12 --> Helper loaded: date_helper
INFO - 2016-11-01 12:07:12 --> Helper loaded: notify_helper
INFO - 2016-11-01 12:07:12 --> Helper loaded: _create_user_session_helper
INFO - 2016-11-01 12:07:12 --> Helper loaded: _get_dropdown_all_helper
INFO - 2016-11-01 12:07:12 --> Helper loaded: _get_dropdown_by_id_helper
INFO - 2016-11-01 12:07:12 --> Helper loaded: _get_record_by_id_helper
INFO - 2016-11-01 12:07:12 --> Helper loaded: _get_record_all_helper
INFO - 2016-11-01 12:07:12 --> Language file loaded: language/english/core_lang.php
INFO - 2016-11-01 12:07:12 --> Database Driver Class Initialized
INFO - 2016-11-01 12:07:12 --> Session: Class initialized using 'database' driver.
INFO - 2016-11-01 12:07:12 --> Form Validation Class Initialized
INFO - 2016-11-01 12:07:12 --> Email Class Initialized
INFO - 2016-11-01 12:07:12 --> Controller Class Initialized
INFO - 2016-11-01 12:07:12 --> Database Driver Class Initialized
INFO - 2016-11-01 12:07:12 --> Encrypt Class Initialized
INFO - 2016-11-01 12:07:12 --> Model Class Initialized
INFO - 2016-11-01 12:07:12 --> Final output sent to browser
DEBUG - 2016-11-01 12:07:12 --> Total execution time: 0.0882
INFO - 2016-11-01 12:07:38 --> Config Class Initialized
INFO - 2016-11-01 12:07:38 --> Hooks Class Initialized
DEBUG - 2016-11-01 12:07:38 --> UTF-8 Support Enabled
INFO - 2016-11-01 12:07:38 --> Utf8 Class Initialized
INFO - 2016-11-01 12:07:38 --> URI Class Initialized
INFO - 2016-11-01 12:07:38 --> Router Class Initialized
INFO - 2016-11-01 12:07:38 --> Output Class Initialized
INFO - 2016-11-01 12:07:38 --> Security Class Initialized
DEBUG - 2016-11-01 12:07:38 --> Global POST, GET and COOKIE data sanitized
INFO - 2016-11-01 12:07:38 --> Input Class Initialized
INFO - 2016-11-01 12:07:38 --> Language Class Initialized
INFO - 2016-11-01 12:07:38 --> Loader Class Initialized
DEBUG - 2016-11-01 12:07:38 --> Config file loaded: /usr/www/users/portazyyvj/application/config/core.php
INFO - 2016-11-01 12:07:38 --> Helper loaded: core_helper
INFO - 2016-11-01 12:07:38 --> Helper loaded: url_helper
INFO - 2016-11-01 12:07:38 --> Helper loaded: form_helper
INFO - 2016-11-01 12:07:38 --> Helper loaded: language_helper
INFO - 2016-11-01 12:07:38 --> Helper loaded: date_helper
INFO - 2016-11-01 12:07:38 --> Helper loaded: notify_helper
INFO - 2016-11-01 12:07:38 --> Helper loaded: _create_user_session_helper
INFO - 2016-11-01 12:07:38 --> Helper loaded: _get_dropdown_all_helper
INFO - 2016-11-01 12:07:38 --> Helper loaded: _get_dropdown_by_id_helper
INFO - 2016-11-01 12:07:38 --> Helper loaded: _get_record_by_id_helper
INFO - 2016-11-01 12:07:38 --> Helper loaded: _get_record_all_helper
INFO - 2016-11-01 12:07:38 --> Language file loaded: language/english/core_lang.php
INFO - 2016-11-01 12:07:38 --> Database Driver Class Initialized
INFO - 2016-11-01 12:07:38 --> Session: Class initialized using 'database' driver.
INFO - 2016-11-01 12:07:38 --> Form Validation Class Initialized
INFO - 2016-11-01 12:07:38 --> Email Class Initialized
INFO - 2016-11-01 12:07:38 --> Controller Class Initialized
INFO - 2016-11-01 12:07:38 --> Database Driver Class Initialized
INFO - 2016-11-01 12:07:38 --> Encrypt Class Initialized
INFO - 2016-11-01 12:07:38 --> Model Class Initialized
INFO - 2016-11-01 12:07:38 --> Final output sent to browser
DEBUG - 2016-11-01 12:07:38 --> Total execution time: 0.0300
INFO - 2016-11-01 12:07:38 --> Config Class Initialized
INFO - 2016-11-01 12:07:38 --> Hooks Class Initialized
DEBUG - 2016-11-01 12:07:38 --> UTF-8 Support Enabled
INFO - 2016-11-01 12:07:38 --> Utf8 Class Initialized
INFO - 2016-11-01 12:07:38 --> URI Class Initialized
INFO - 2016-11-01 12:07:38 --> Router Class Initialized
INFO - 2016-11-01 12:07:38 --> Output Class Initialized
INFO - 2016-11-01 12:07:38 --> Security Class Initialized
DEBUG - 2016-11-01 12:07:38 --> Global POST, GET and COOKIE data sanitized
INFO - 2016-11-01 12:07:38 --> Input Class Initialized
INFO - 2016-11-01 12:07:38 --> Language Class Initialized
INFO - 2016-11-01 12:07:38 --> Loader Class Initialized
DEBUG - 2016-11-01 12:07:38 --> Config file loaded: /usr/www/users/portazyyvj/application/config/core.php
INFO - 2016-11-01 12:07:38 --> Helper loaded: core_helper
INFO - 2016-11-01 12:07:38 --> Helper loaded: url_helper
INFO - 2016-11-01 12:07:38 --> Helper loaded: form_helper
INFO - 2016-11-01 12:07:38 --> Helper loaded: language_helper
INFO - 2016-11-01 12:07:38 --> Helper loaded: date_helper
INFO - 2016-11-01 12:07:38 --> Helper loaded: notify_helper
INFO - 2016-11-01 12:07:38 --> Helper loaded: _create_user_session_helper
INFO - 2016-11-01 12:07:38 --> Helper loaded: _get_dropdown_all_helper
INFO - 2016-11-01 12:07:38 --> Helper loaded: _get_dropdown_by_id_helper
INFO - 2016-11-01 12:07:38 --> Helper loaded: _get_record_by_id_helper
INFO - 2016-11-01 12:07:38 --> Helper loaded: _get_record_all_helper
INFO - 2016-11-01 12:07:38 --> Language file loaded: language/english/core_lang.php
INFO - 2016-11-01 12:07:38 --> Database Driver Class Initialized
INFO - 2016-11-01 12:07:38 --> Session: Class initialized using 'database' driver.
INFO - 2016-11-01 12:07:38 --> Form Validation Class Initialized
INFO - 2016-11-01 12:07:38 --> Email Class Initialized
INFO - 2016-11-01 12:07:38 --> Controller Class Initialized
INFO - 2016-11-01 12:07:38 --> Database Driver Class Initialized
INFO - 2016-11-01 12:07:38 --> Encrypt Class Initialized
INFO - 2016-11-01 12:07:38 --> Model Class Initialized
INFO - 2016-11-01 12:07:38 --> Final output sent to browser
DEBUG - 2016-11-01 12:07:38 --> Total execution time: 0.0304
INFO - 2016-11-01 12:07:45 --> Config Class Initialized
INFO - 2016-11-01 12:07:45 --> Hooks Class Initialized
DEBUG - 2016-11-01 12:07:45 --> UTF-8 Support Enabled
INFO - 2016-11-01 12:07:45 --> Utf8 Class Initialized
INFO - 2016-11-01 12:07:45 --> URI Class Initialized
INFO - 2016-11-01 12:07:45 --> Router Class Initialized
INFO - 2016-11-01 12:07:45 --> Output Class Initialized
INFO - 2016-11-01 12:07:45 --> Security Class Initialized
DEBUG - 2016-11-01 12:07:45 --> Global POST, GET and COOKIE data sanitized
INFO - 2016-11-01 12:07:45 --> Input Class Initialized
INFO - 2016-11-01 12:07:45 --> Language Class Initialized
INFO - 2016-11-01 12:07:45 --> Loader Class Initialized
DEBUG - 2016-11-01 12:07:45 --> Config file loaded: /usr/www/users/portazyyvj/application/config/core.php
INFO - 2016-11-01 12:07:45 --> Helper loaded: core_helper
INFO - 2016-11-01 12:07:45 --> Helper loaded: url_helper
INFO - 2016-11-01 12:07:45 --> Helper loaded: form_helper
INFO - 2016-11-01 12:07:45 --> Helper loaded: language_helper
INFO - 2016-11-01 12:07:45 --> Helper loaded: date_helper
INFO - 2016-11-01 12:07:45 --> Helper loaded: notify_helper
INFO - 2016-11-01 12:07:45 --> Helper loaded: _create_user_session_helper
INFO - 2016-11-01 12:07:45 --> Helper loaded: _get_dropdown_all_helper
INFO - 2016-11-01 12:07:45 --> Helper loaded: _get_dropdown_by_id_helper
INFO - 2016-11-01 12:07:45 --> Helper loaded: _get_record_by_id_helper
INFO - 2016-11-01 12:07:45 --> Helper loaded: _get_record_all_helper
INFO - 2016-11-01 12:07:45 --> Language file loaded: language/english/core_lang.php
INFO - 2016-11-01 12:07:45 --> Database Driver Class Initialized
INFO - 2016-11-01 12:07:45 --> Session: Class initialized using 'database' driver.
INFO - 2016-11-01 12:07:45 --> Form Validation Class Initialized
INFO - 2016-11-01 12:07:45 --> Email Class Initialized
INFO - 2016-11-01 12:07:45 --> Controller Class Initialized
INFO - 2016-11-01 12:07:45 --> Database Driver Class Initialized
INFO - 2016-11-01 12:07:45 --> Encrypt Class Initialized
INFO - 2016-11-01 12:07:45 --> Model Class Initialized
INFO - 2016-11-01 12:07:45 --> Final output sent to browser
DEBUG - 2016-11-01 12:07:45 --> Total execution time: 0.0302
INFO - 2016-11-01 12:07:51 --> Config Class Initialized
INFO - 2016-11-01 12:07:51 --> Hooks Class Initialized
DEBUG - 2016-11-01 12:07:51 --> UTF-8 Support Enabled
INFO - 2016-11-01 12:07:51 --> Utf8 Class Initialized
INFO - 2016-11-01 12:07:51 --> URI Class Initialized
INFO - 2016-11-01 12:07:51 --> Router Class Initialized
INFO - 2016-11-01 12:07:51 --> Output Class Initialized
INFO - 2016-11-01 12:07:51 --> Security Class Initialized
DEBUG - 2016-11-01 12:07:51 --> Global POST, GET and COOKIE data sanitized
INFO - 2016-11-01 12:07:51 --> Input Class Initialized
INFO - 2016-11-01 12:07:51 --> Language Class Initialized
INFO - 2016-11-01 12:07:51 --> Loader Class Initialized
DEBUG - 2016-11-01 12:07:51 --> Config file loaded: /usr/www/users/portazyyvj/application/config/core.php
INFO - 2016-11-01 12:07:51 --> Helper loaded: core_helper
INFO - 2016-11-01 12:07:51 --> Helper loaded: url_helper
INFO - 2016-11-01 12:07:51 --> Helper loaded: form_helper
INFO - 2016-11-01 12:07:51 --> Helper loaded: language_helper
INFO - 2016-11-01 12:07:51 --> Helper loaded: date_helper
INFO - 2016-11-01 12:07:51 --> Helper loaded: notify_helper
INFO - 2016-11-01 12:07:51 --> Helper loaded: _create_user_session_helper
INFO - 2016-11-01 12:07:51 --> Helper loaded: _get_dropdown_all_helper
INFO - 2016-11-01 12:07:51 --> Helper loaded: _get_dropdown_by_id_helper
INFO - 2016-11-01 12:07:51 --> Helper loaded: _get_record_by_id_helper
INFO - 2016-11-01 12:07:51 --> Helper loaded: _get_record_all_helper
INFO - 2016-11-01 12:07:51 --> Language file loaded: language/english/core_lang.php
INFO - 2016-11-01 12:07:51 --> Database Driver Class Initialized
INFO - 2016-11-01 12:07:51 --> Session: Class initialized using 'database' driver.
INFO - 2016-11-01 12:07:51 --> Form Validation Class Initialized
INFO - 2016-11-01 12:07:51 --> Email Class Initialized
INFO - 2016-11-01 12:07:51 --> Controller Class Initialized
INFO - 2016-11-01 12:07:51 --> Database Driver Class Initialized
INFO - 2016-11-01 12:07:51 --> Encrypt Class Initialized
INFO - 2016-11-01 12:07:51 --> Model Class Initialized
INFO - 2016-11-01 12:07:51 --> Final output sent to browser
DEBUG - 2016-11-01 12:07:51 --> Total execution time: 0.0301
INFO - 2016-11-01 12:07:57 --> Config Class Initialized
INFO - 2016-11-01 12:07:57 --> Hooks Class Initialized
DEBUG - 2016-11-01 12:07:57 --> UTF-8 Support Enabled
INFO - 2016-11-01 12:07:57 --> Utf8 Class Initialized
INFO - 2016-11-01 12:07:57 --> URI Class Initialized
INFO - 2016-11-01 12:07:57 --> Router Class Initialized
INFO - 2016-11-01 12:07:57 --> Output Class Initialized
INFO - 2016-11-01 12:07:57 --> Security Class Initialized
DEBUG - 2016-11-01 12:07:57 --> Global POST, GET and COOKIE data sanitized
INFO - 2016-11-01 12:07:57 --> Input Class Initialized
INFO - 2016-11-01 12:07:57 --> Language Class Initialized
INFO - 2016-11-01 12:07:57 --> Loader Class Initialized
DEBUG - 2016-11-01 12:07:57 --> Config file loaded: /usr/www/users/portazyyvj/application/config/core.php
INFO - 2016-11-01 12:07:57 --> Helper loaded: core_helper
INFO - 2016-11-01 12:07:57 --> Helper loaded: url_helper
INFO - 2016-11-01 12:07:57 --> Helper loaded: form_helper
INFO - 2016-11-01 12:07:57 --> Helper loaded: language_helper
INFO - 2016-11-01 12:07:57 --> Helper loaded: date_helper
INFO - 2016-11-01 12:07:57 --> Helper loaded: notify_helper
INFO - 2016-11-01 12:07:57 --> Helper loaded: _create_user_session_helper
INFO - 2016-11-01 12:07:57 --> Helper loaded: _get_dropdown_all_helper
INFO - 2016-11-01 12:07:57 --> Helper loaded: _get_dropdown_by_id_helper
INFO - 2016-11-01 12:07:57 --> Helper loaded: _get_record_by_id_helper
INFO - 2016-11-01 12:07:57 --> Helper loaded: _get_record_all_helper
INFO - 2016-11-01 12:07:57 --> Language file loaded: language/english/core_lang.php
INFO - 2016-11-01 12:07:57 --> Database Driver Class Initialized
INFO - 2016-11-01 12:07:57 --> Session: Class initialized using 'database' driver.
INFO - 2016-11-01 12:07:57 --> Form Validation Class Initialized
INFO - 2016-11-01 12:07:57 --> Email Class Initialized
INFO - 2016-11-01 12:07:57 --> Controller Class Initialized
INFO - 2016-11-01 12:07:57 --> Database Driver Class Initialized
INFO - 2016-11-01 12:07:57 --> Encrypt Class Initialized
INFO - 2016-11-01 12:07:58 --> Config Class Initialized
INFO - 2016-11-01 12:07:58 --> Hooks Class Initialized
DEBUG - 2016-11-01 12:07:58 --> UTF-8 Support Enabled
INFO - 2016-11-01 12:07:58 --> Utf8 Class Initialized
INFO - 2016-11-01 12:07:58 --> URI Class Initialized
INFO - 2016-11-01 12:07:58 --> Router Class Initialized
INFO - 2016-11-01 12:07:58 --> Output Class Initialized
INFO - 2016-11-01 12:07:58 --> Security Class Initialized
DEBUG - 2016-11-01 12:07:58 --> Global POST, GET and COOKIE data sanitized
INFO - 2016-11-01 12:07:58 --> Input Class Initialized
INFO - 2016-11-01 12:07:58 --> Language Class Initialized
INFO - 2016-11-01 12:07:58 --> Loader Class Initialized
DEBUG - 2016-11-01 12:07:58 --> Config file loaded: /usr/www/users/portazyyvj/application/config/core.php
INFO - 2016-11-01 12:07:58 --> Helper loaded: core_helper
INFO - 2016-11-01 12:07:58 --> Helper loaded: url_helper
INFO - 2016-11-01 12:07:58 --> Helper loaded: form_helper
INFO - 2016-11-01 12:07:58 --> Helper loaded: language_helper
INFO - 2016-11-01 12:07:58 --> Helper loaded: date_helper
INFO - 2016-11-01 12:07:58 --> Helper loaded: notify_helper
INFO - 2016-11-01 12:07:58 --> Helper loaded: _create_user_session_helper
INFO - 2016-11-01 12:07:58 --> Helper loaded: _get_dropdown_all_helper
INFO - 2016-11-01 12:07:58 --> Helper loaded: _get_dropdown_by_id_helper
INFO - 2016-11-01 12:07:58 --> Helper loaded: _get_record_by_id_helper
INFO - 2016-11-01 12:07:58 --> Helper loaded: _get_record_all_helper
INFO - 2016-11-01 12:07:58 --> Language file loaded: language/english/core_lang.php
INFO - 2016-11-01 12:07:58 --> Database Driver Class Initialized
INFO - 2016-11-01 12:07:58 --> Session: Class initialized using 'database' driver.
INFO - 2016-11-01 12:07:58 --> Form Validation Class Initialized
INFO - 2016-11-01 12:07:58 --> Email Class Initialized
INFO - 2016-11-01 12:07:58 --> Controller Class Initialized
INFO - 2016-11-01 12:07:58 --> Database Driver Class Initialized
INFO - 2016-11-01 12:07:58 --> Encrypt Class Initialized
INFO - 2016-11-01 12:07:58 --> Model Class Initialized
INFO - 2016-11-01 12:07:58 --> Final output sent to browser
DEBUG - 2016-11-01 12:07:58 --> Total execution time: 0.0303
INFO - 2016-11-01 12:08:07 --> Config Class Initialized
INFO - 2016-11-01 12:08:07 --> Hooks Class Initialized
DEBUG - 2016-11-01 12:08:07 --> UTF-8 Support Enabled
INFO - 2016-11-01 12:08:07 --> Utf8 Class Initialized
INFO - 2016-11-01 12:08:07 --> URI Class Initialized
INFO - 2016-11-01 12:08:07 --> Router Class Initialized
INFO - 2016-11-01 12:08:07 --> Output Class Initialized
INFO - 2016-11-01 12:08:07 --> Security Class Initialized
DEBUG - 2016-11-01 12:08:07 --> Global POST, GET and COOKIE data sanitized
INFO - 2016-11-01 12:08:07 --> Input Class Initialized
INFO - 2016-11-01 12:08:07 --> Language Class Initialized
INFO - 2016-11-01 12:08:08 --> Loader Class Initialized
DEBUG - 2016-11-01 12:08:08 --> Config file loaded: /usr/www/users/portazyyvj/application/config/core.php
INFO - 2016-11-01 12:08:08 --> Helper loaded: core_helper
INFO - 2016-11-01 12:08:08 --> Helper loaded: url_helper
INFO - 2016-11-01 12:08:08 --> Helper loaded: form_helper
INFO - 2016-11-01 12:08:08 --> Helper loaded: language_helper
INFO - 2016-11-01 12:08:08 --> Helper loaded: date_helper
INFO - 2016-11-01 12:08:08 --> Helper loaded: notify_helper
INFO - 2016-11-01 12:08:08 --> Helper loaded: _create_user_session_helper
INFO - 2016-11-01 12:08:08 --> Helper loaded: _get_dropdown_all_helper
INFO - 2016-11-01 12:08:08 --> Helper loaded: _get_dropdown_by_id_helper
INFO - 2016-11-01 12:08:08 --> Helper loaded: _get_record_by_id_helper
INFO - 2016-11-01 12:08:08 --> Helper loaded: _get_record_all_helper
INFO - 2016-11-01 12:08:08 --> Language file loaded: language/english/core_lang.php
INFO - 2016-11-01 12:08:08 --> Database Driver Class Initialized
INFO - 2016-11-01 12:08:08 --> Session: Class initialized using 'database' driver.
INFO - 2016-11-01 12:08:08 --> Form Validation Class Initialized
INFO - 2016-11-01 12:08:08 --> Email Class Initialized
INFO - 2016-11-01 12:08:08 --> Controller Class Initialized
INFO - 2016-11-01 12:08:08 --> Database Driver Class Initialized
INFO - 2016-11-01 12:08:08 --> Encrypt Class Initialized
INFO - 2016-11-01 12:08:08 --> Config Class Initialized
INFO - 2016-11-01 12:08:08 --> Hooks Class Initialized
DEBUG - 2016-11-01 12:08:08 --> UTF-8 Support Enabled
INFO - 2016-11-01 12:08:08 --> Utf8 Class Initialized
INFO - 2016-11-01 12:08:08 --> URI Class Initialized
INFO - 2016-11-01 12:08:08 --> Router Class Initialized
INFO - 2016-11-01 12:08:08 --> Output Class Initialized
INFO - 2016-11-01 12:08:08 --> Security Class Initialized
DEBUG - 2016-11-01 12:08:08 --> Global POST, GET and COOKIE data sanitized
INFO - 2016-11-01 12:08:08 --> Input Class Initialized
INFO - 2016-11-01 12:08:08 --> Language Class Initialized
INFO - 2016-11-01 12:08:08 --> Loader Class Initialized
DEBUG - 2016-11-01 12:08:08 --> Config file loaded: /usr/www/users/portazyyvj/application/config/core.php
INFO - 2016-11-01 12:08:08 --> Helper loaded: core_helper
INFO - 2016-11-01 12:08:08 --> Helper loaded: url_helper
INFO - 2016-11-01 12:08:08 --> Helper loaded: form_helper
INFO - 2016-11-01 12:08:08 --> Helper loaded: language_helper
INFO - 2016-11-01 12:08:08 --> Helper loaded: date_helper
INFO - 2016-11-01 12:08:08 --> Helper loaded: notify_helper
INFO - 2016-11-01 12:08:08 --> Helper loaded: _create_user_session_helper
INFO - 2016-11-01 12:08:08 --> Helper loaded: _get_dropdown_all_helper
INFO - 2016-11-01 12:08:08 --> Helper loaded: _get_dropdown_by_id_helper
INFO - 2016-11-01 12:08:08 --> Helper loaded: _get_record_by_id_helper
INFO - 2016-11-01 12:08:08 --> Helper loaded: _get_record_all_helper
INFO - 2016-11-01 12:08:08 --> Language file loaded: language/english/core_lang.php
INFO - 2016-11-01 12:08:08 --> Database Driver Class Initialized
INFO - 2016-11-01 12:08:08 --> Session: Class initialized using 'database' driver.
INFO - 2016-11-01 12:08:08 --> Form Validation Class Initialized
INFO - 2016-11-01 12:08:08 --> Email Class Initialized
INFO - 2016-11-01 12:08:08 --> Controller Class Initialized
INFO - 2016-11-01 12:08:08 --> Database Driver Class Initialized
INFO - 2016-11-01 12:08:08 --> Encrypt Class Initialized
INFO - 2016-11-01 12:08:08 --> Model Class Initialized
INFO - 2016-11-01 12:08:08 --> Final output sent to browser
DEBUG - 2016-11-01 12:08:08 --> Total execution time: 0.0302
INFO - 2016-11-01 12:10:55 --> Config Class Initialized
INFO - 2016-11-01 12:10:55 --> Hooks Class Initialized
DEBUG - 2016-11-01 12:10:55 --> UTF-8 Support Enabled
INFO - 2016-11-01 12:10:55 --> Utf8 Class Initialized
INFO - 2016-11-01 12:10:55 --> URI Class Initialized
INFO - 2016-11-01 12:10:55 --> Router Class Initialized
INFO - 2016-11-01 12:10:55 --> Output Class Initialized
INFO - 2016-11-01 12:10:55 --> Security Class Initialized
DEBUG - 2016-11-01 12:10:55 --> Global POST, GET and COOKIE data sanitized
INFO - 2016-11-01 12:10:55 --> Input Class Initialized
INFO - 2016-11-01 12:10:55 --> Language Class Initialized
INFO - 2016-11-01 12:10:55 --> Loader Class Initialized
DEBUG - 2016-11-01 12:10:55 --> Config file loaded: /usr/www/users/portazyyvj/application/config/core.php
INFO - 2016-11-01 12:10:55 --> Helper loaded: core_helper
INFO - 2016-11-01 12:10:55 --> Helper loaded: url_helper
INFO - 2016-11-01 12:10:55 --> Helper loaded: form_helper
INFO - 2016-11-01 12:10:55 --> Helper loaded: language_helper
INFO - 2016-11-01 12:10:55 --> Helper loaded: date_helper
INFO - 2016-11-01 12:10:55 --> Helper loaded: notify_helper
INFO - 2016-11-01 12:10:55 --> Helper loaded: _create_user_session_helper
INFO - 2016-11-01 12:10:55 --> Helper loaded: _get_dropdown_all_helper
INFO - 2016-11-01 12:10:55 --> Helper loaded: _get_dropdown_by_id_helper
INFO - 2016-11-01 12:10:55 --> Helper loaded: _get_record_by_id_helper
INFO - 2016-11-01 12:10:55 --> Helper loaded: _get_record_all_helper
INFO - 2016-11-01 12:10:55 --> Language file loaded: language/english/core_lang.php
INFO - 2016-11-01 12:10:55 --> Database Driver Class Initialized
INFO - 2016-11-01 12:10:55 --> Session: Class initialized using 'database' driver.
INFO - 2016-11-01 12:10:55 --> Form Validation Class Initialized
INFO - 2016-11-01 12:10:55 --> Email Class Initialized
INFO - 2016-11-01 12:10:55 --> Controller Class Initialized
INFO - 2016-11-01 12:10:55 --> Database Driver Class Initialized
INFO - 2016-11-01 12:10:55 --> Encrypt Class Initialized
INFO - 2016-11-01 12:10:55 --> Model Class Initialized
INFO - 2016-11-01 12:10:55 --> Final output sent to browser
DEBUG - 2016-11-01 12:10:55 --> Total execution time: 0.0300
