ERROR - 2015-06-29 06:37:35 --> Severity: Core Warning --> Module 'json' already loaded Unknown 0
ERROR - 2015-06-29 06:41:39 --> Could not find the language line "menu users manage_users"
ERROR - 2015-06-29 06:41:54 --> Severity: Notice --> Undefined variable: users /usr/www/users/etadarwskd/application/views/templates/view.php 43
ERROR - 2015-06-29 06:41:54 --> Severity: Error --> Call to a member function result() on null /usr/www/users/etadarwskd/application/views/templates/view.php 43
ERROR - 2015-06-29 06:41:56 --> Could not find the language line "menu users manage_users"
ERROR - 2015-06-29 06:41:59 --> Could not find the language line "menu users manage_users"
ERROR - 2015-06-29 06:42:02 --> Could not find the language line "menu users manage_users"
ERROR - 2015-06-29 06:58:17 --> Could not find the language line "menu users manage_users"
ERROR - 2015-06-29 06:58:22 --> Severity: Notice --> Undefined variable: users /usr/www/users/etadarwskd/application/views/templates/view.php 43
ERROR - 2015-06-29 06:58:22 --> Severity: Error --> Call to a member function result() on null /usr/www/users/etadarwskd/application/views/templates/view.php 43
ERROR - 2015-06-29 06:58:23 --> Could not find the language line "menu users manage_users"
ERROR - 2015-06-29 06:58:25 --> Severity: Notice --> Undefined variable: users /usr/www/users/etadarwskd/application/views/templates/view.php 43
ERROR - 2015-06-29 06:58:25 --> Severity: Error --> Call to a member function result() on null /usr/www/users/etadarwskd/application/views/templates/view.php 43
ERROR - 2015-06-29 06:58:27 --> Could not find the language line "menu users manage_users"
ERROR - 2015-06-29 06:58:30 --> Severity: Notice --> Undefined variable: users /usr/www/users/etadarwskd/application/views/templates/view.php 43
ERROR - 2015-06-29 06:58:30 --> Severity: Error --> Call to a member function result() on null /usr/www/users/etadarwskd/application/views/templates/view.php 43
ERROR - 2015-06-29 06:58:32 --> Could not find the language line "menu users manage_users"
ERROR - 2015-06-29 07:37:22 --> Could not find the language line "menu users manage_users"
ERROR - 2015-06-29 07:37:26 --> Could not find the language line "menu users manage_users"
ERROR - 2015-06-29 07:37:52 --> Could not find the language line "menu users manage_users"
ERROR - 2015-06-29 07:38:39 --> Could not find the language line "menu users manage_users"
ERROR - 2015-06-29 07:38:57 --> Could not find the language line "menu users manage_users"
ERROR - 2015-06-29 07:40:11 --> Could not find the language line "menu users manage_users"
ERROR - 2015-06-29 07:40:32 --> Could not find the language line "menu users manage_users"
ERROR - 2015-06-29 07:41:18 --> Could not find the language line "menu users manage_users"
ERROR - 2015-06-29 08:11:12 --> Could not find the language line "menu users manage_users"
ERROR - 2015-06-29 08:13:25 --> Could not find the language line "menu users manage_users"
ERROR - 2015-06-29 08:13:36 --> Could not find the language line "menu users manage_users"
ERROR - 2015-06-29 08:13:45 --> Severity: Notice --> Undefined variable: users /usr/www/users/etadarwskd/application/views/templates/view.php 43
ERROR - 2015-06-29 08:13:45 --> Severity: Error --> Call to a member function result() on null /usr/www/users/etadarwskd/application/views/templates/view.php 43
ERROR - 2015-06-29 08:13:47 --> Could not find the language line "menu users manage_users"
ERROR - 2015-06-29 08:13:50 --> Could not find the language line "menu users manage_users"
ERROR - 2015-06-29 08:13:53 --> Could not find the language line "menu users manage_users"
ERROR - 2015-06-29 08:16:37 --> Could not find the language line "menu users manage_users"
ERROR - 2015-06-29 08:16:51 --> Could not find the language line "menu users manage_users"
ERROR - 2015-06-29 08:16:52 --> Could not find the language line "menu users manage_users"
ERROR - 2015-06-29 08:16:53 --> Could not find the language line "menu users manage_users"
ERROR - 2015-06-29 08:16:54 --> Could not find the language line "menu users manage_users"
ERROR - 2015-06-29 08:16:55 --> Could not find the language line "menu users manage_users"
ERROR - 2015-06-29 08:16:56 --> Could not find the language line "menu users manage_users"
ERROR - 2015-06-29 08:16:57 --> Could not find the language line "menu users manage_users"
ERROR - 2015-06-29 08:16:58 --> Could not find the language line "menu users manage_users"
ERROR - 2015-06-29 08:16:58 --> Could not find the language line "menu users manage_users"
ERROR - 2015-06-29 08:16:59 --> Could not find the language line "menu users manage_users"
ERROR - 2015-06-29 08:17:01 --> Could not find the language line "menu users manage_users"
ERROR - 2015-06-29 08:17:09 --> Could not find the language line "menu users manage_users"
ERROR - 2015-06-29 08:18:01 --> Could not find the language line "menu users manage_users"
ERROR - 2015-06-29 08:18:03 --> Could not find the language line "menu users manage_users"
ERROR - 2015-06-29 08:19:59 --> 404 Page Not Found: Profile/index
ERROR - 2015-06-29 08:19:59 --> 404 Page Not Found: Themes/core
ERROR - 2015-06-29 08:20:00 --> Could not find the language line "menu users manage_users"
ERROR - 2015-06-29 11:22:15 --> Could not find the language line "menu users manage_users"
ERROR - 2015-06-29 11:22:18 --> Severity: Notice --> Undefined variable: users /usr/www/users/etadarwskd/application/views/templates/view.php 43
ERROR - 2015-06-29 11:22:18 --> Severity: Error --> Call to a member function result() on null /usr/www/users/etadarwskd/application/views/templates/view.php 43
ERROR - 2015-06-29 11:29:26 --> Could not find the language line "menu users manage_users"
ERROR - 2015-06-29 11:29:29 --> Severity: Notice --> Undefined property: stdClass::$idUser /usr/www/users/etadarwskd/application/views/templates/view.php 45
ERROR - 2015-06-29 11:29:29 --> Severity: Notice --> Undefined property: stdClass::$enabledUser /usr/www/users/etadarwskd/application/views/templates/view.php 47
ERROR - 2015-06-29 11:29:29 --> Severity: Notice --> Undefined property: stdClass::$enabledUser /usr/www/users/etadarwskd/application/views/templates/view.php 48
ERROR - 2015-06-29 11:29:29 --> Severity: Notice --> Undefined property: stdClass::$nameTemplate /usr/www/users/etadarwskd/application/views/templates/view.php 52
ERROR - 2015-06-29 11:29:29 --> Severity: Notice --> Undefined property: stdClass::$uinameUserRole /usr/www/users/etadarwskd/application/views/templates/view.php 54
ERROR - 2015-06-29 11:29:29 --> Severity: Notice --> Undefined property: stdClass::$idUser /usr/www/users/etadarwskd/application/views/templates/view.php 45
ERROR - 2015-06-29 11:29:29 --> Severity: Notice --> Undefined property: stdClass::$enabledUser /usr/www/users/etadarwskd/application/views/templates/view.php 47
ERROR - 2015-06-29 11:29:29 --> Severity: Notice --> Undefined property: stdClass::$enabledUser /usr/www/users/etadarwskd/application/views/templates/view.php 48
ERROR - 2015-06-29 11:29:29 --> Severity: Notice --> Undefined property: stdClass::$nameTemplate /usr/www/users/etadarwskd/application/views/templates/view.php 52
ERROR - 2015-06-29 11:29:29 --> Severity: Notice --> Undefined property: stdClass::$uinameUserRole /usr/www/users/etadarwskd/application/views/templates/view.php 54
ERROR - 2015-06-29 11:29:29 --> Severity: Notice --> Undefined property: stdClass::$idUser /usr/www/users/etadarwskd/application/views/templates/view.php 45
ERROR - 2015-06-29 11:29:29 --> Severity: Notice --> Undefined property: stdClass::$enabledUser /usr/www/users/etadarwskd/application/views/templates/view.php 47
ERROR - 2015-06-29 11:29:29 --> Severity: Notice --> Undefined property: stdClass::$enabledUser /usr/www/users/etadarwskd/application/views/templates/view.php 48
ERROR - 2015-06-29 11:29:29 --> Severity: Notice --> Undefined property: stdClass::$nameTemplate /usr/www/users/etadarwskd/application/views/templates/view.php 52
ERROR - 2015-06-29 11:29:29 --> Severity: Notice --> Undefined property: stdClass::$uinameUserRole /usr/www/users/etadarwskd/application/views/templates/view.php 54
ERROR - 2015-06-29 11:29:29 --> Severity: Notice --> Undefined property: stdClass::$idUser /usr/www/users/etadarwskd/application/views/templates/view.php 45
ERROR - 2015-06-29 11:29:29 --> Severity: Notice --> Undefined property: stdClass::$enabledUser /usr/www/users/etadarwskd/application/views/templates/view.php 47
ERROR - 2015-06-29 11:29:29 --> Severity: Notice --> Undefined property: stdClass::$enabledUser /usr/www/users/etadarwskd/application/views/templates/view.php 48
ERROR - 2015-06-29 11:29:29 --> Severity: Notice --> Undefined property: stdClass::$nameTemplate /usr/www/users/etadarwskd/application/views/templates/view.php 52
ERROR - 2015-06-29 11:29:29 --> Severity: Notice --> Undefined property: stdClass::$uinameUserRole /usr/www/users/etadarwskd/application/views/templates/view.php 54
ERROR - 2015-06-29 11:29:29 --> Severity: Notice --> Undefined property: stdClass::$idUser /usr/www/users/etadarwskd/application/views/templates/view.php 45
ERROR - 2015-06-29 11:29:29 --> Severity: Notice --> Undefined property: stdClass::$enabledUser /usr/www/users/etadarwskd/application/views/templates/view.php 47
ERROR - 2015-06-29 11:29:29 --> Severity: Notice --> Undefined property: stdClass::$enabledUser /usr/www/users/etadarwskd/application/views/templates/view.php 48
ERROR - 2015-06-29 11:29:29 --> Severity: Notice --> Undefined property: stdClass::$nameTemplate /usr/www/users/etadarwskd/application/views/templates/view.php 52
ERROR - 2015-06-29 11:29:29 --> Severity: Notice --> Undefined property: stdClass::$uinameUserRole /usr/www/users/etadarwskd/application/views/templates/view.php 54
ERROR - 2015-06-29 11:29:29 --> Severity: Notice --> Undefined property: stdClass::$idUser /usr/www/users/etadarwskd/application/views/templates/view.php 45
ERROR - 2015-06-29 11:29:29 --> Severity: Notice --> Undefined property: stdClass::$enabledUser /usr/www/users/etadarwskd/application/views/templates/view.php 47
ERROR - 2015-06-29 11:29:29 --> Severity: Notice --> Undefined property: stdClass::$enabledUser /usr/www/users/etadarwskd/application/views/templates/view.php 48
ERROR - 2015-06-29 11:29:29 --> Severity: Notice --> Undefined property: stdClass::$nameTemplate /usr/www/users/etadarwskd/application/views/templates/view.php 52
ERROR - 2015-06-29 11:29:29 --> Severity: Notice --> Undefined property: stdClass::$uinameUserRole /usr/www/users/etadarwskd/application/views/templates/view.php 54
ERROR - 2015-06-29 11:29:29 --> Could not find the language line "menu users manage_users"
ERROR - 2015-06-29 12:39:56 --> Could not find the language line "menu users manage_users"
ERROR - 2015-06-29 12:44:25 --> Severity: Notice --> Undefined property: stdClass::$idUser /usr/www/users/etadarwskd/application/views/templates/view.php 45
ERROR - 2015-06-29 12:44:25 --> Severity: Notice --> Undefined property: stdClass::$enabledUser /usr/www/users/etadarwskd/application/views/templates/view.php 47
ERROR - 2015-06-29 12:44:25 --> Severity: Notice --> Undefined property: stdClass::$enabledUser /usr/www/users/etadarwskd/application/views/templates/view.php 48
ERROR - 2015-06-29 12:44:25 --> Severity: Notice --> Undefined property: stdClass::$nameTemplate /usr/www/users/etadarwskd/application/views/templates/view.php 52
ERROR - 2015-06-29 12:44:25 --> Severity: Notice --> Undefined property: stdClass::$uinameUserRole /usr/www/users/etadarwskd/application/views/templates/view.php 54
ERROR - 2015-06-29 12:44:25 --> Severity: Notice --> Undefined property: stdClass::$idUser /usr/www/users/etadarwskd/application/views/templates/view.php 45
ERROR - 2015-06-29 12:44:25 --> Severity: Notice --> Undefined property: stdClass::$enabledUser /usr/www/users/etadarwskd/application/views/templates/view.php 47
ERROR - 2015-06-29 12:44:25 --> Severity: Notice --> Undefined property: stdClass::$enabledUser /usr/www/users/etadarwskd/application/views/templates/view.php 48
ERROR - 2015-06-29 12:44:25 --> Severity: Notice --> Undefined property: stdClass::$nameTemplate /usr/www/users/etadarwskd/application/views/templates/view.php 52
ERROR - 2015-06-29 12:44:25 --> Severity: Notice --> Undefined property: stdClass::$uinameUserRole /usr/www/users/etadarwskd/application/views/templates/view.php 54
ERROR - 2015-06-29 12:44:25 --> Severity: Notice --> Undefined property: stdClass::$idUser /usr/www/users/etadarwskd/application/views/templates/view.php 45
ERROR - 2015-06-29 12:44:25 --> Severity: Notice --> Undefined property: stdClass::$enabledUser /usr/www/users/etadarwskd/application/views/templates/view.php 47
ERROR - 2015-06-29 12:44:25 --> Severity: Notice --> Undefined property: stdClass::$enabledUser /usr/www/users/etadarwskd/application/views/templates/view.php 48
ERROR - 2015-06-29 12:44:25 --> Severity: Notice --> Undefined property: stdClass::$nameTemplate /usr/www/users/etadarwskd/application/views/templates/view.php 52
ERROR - 2015-06-29 12:44:25 --> Severity: Notice --> Undefined property: stdClass::$uinameUserRole /usr/www/users/etadarwskd/application/views/templates/view.php 54
ERROR - 2015-06-29 12:44:25 --> Severity: Notice --> Undefined property: stdClass::$idUser /usr/www/users/etadarwskd/application/views/templates/view.php 45
ERROR - 2015-06-29 12:44:25 --> Severity: Notice --> Undefined property: stdClass::$enabledUser /usr/www/users/etadarwskd/application/views/templates/view.php 47
ERROR - 2015-06-29 12:44:25 --> Severity: Notice --> Undefined property: stdClass::$enabledUser /usr/www/users/etadarwskd/application/views/templates/view.php 48
ERROR - 2015-06-29 12:44:25 --> Severity: Notice --> Undefined property: stdClass::$nameTemplate /usr/www/users/etadarwskd/application/views/templates/view.php 52
ERROR - 2015-06-29 12:44:25 --> Severity: Notice --> Undefined property: stdClass::$uinameUserRole /usr/www/users/etadarwskd/application/views/templates/view.php 54
ERROR - 2015-06-29 12:44:25 --> Severity: Notice --> Undefined property: stdClass::$idUser /usr/www/users/etadarwskd/application/views/templates/view.php 45
ERROR - 2015-06-29 12:44:25 --> Severity: Notice --> Undefined property: stdClass::$enabledUser /usr/www/users/etadarwskd/application/views/templates/view.php 47
ERROR - 2015-06-29 12:44:25 --> Severity: Notice --> Undefined property: stdClass::$enabledUser /usr/www/users/etadarwskd/application/views/templates/view.php 48
ERROR - 2015-06-29 12:44:25 --> Severity: Notice --> Undefined property: stdClass::$nameTemplate /usr/www/users/etadarwskd/application/views/templates/view.php 52
ERROR - 2015-06-29 12:44:25 --> Severity: Notice --> Undefined property: stdClass::$uinameUserRole /usr/www/users/etadarwskd/application/views/templates/view.php 54
ERROR - 2015-06-29 12:44:25 --> Severity: Notice --> Undefined property: stdClass::$idUser /usr/www/users/etadarwskd/application/views/templates/view.php 45
ERROR - 2015-06-29 12:44:25 --> Severity: Notice --> Undefined property: stdClass::$enabledUser /usr/www/users/etadarwskd/application/views/templates/view.php 47
ERROR - 2015-06-29 12:44:25 --> Severity: Notice --> Undefined property: stdClass::$enabledUser /usr/www/users/etadarwskd/application/views/templates/view.php 48
ERROR - 2015-06-29 12:44:25 --> Severity: Notice --> Undefined property: stdClass::$nameTemplate /usr/www/users/etadarwskd/application/views/templates/view.php 52
ERROR - 2015-06-29 12:44:25 --> Severity: Notice --> Undefined property: stdClass::$uinameUserRole /usr/www/users/etadarwskd/application/views/templates/view.php 54
ERROR - 2015-06-29 12:44:25 --> Could not find the language line "menu users manage_users"
ERROR - 2015-06-29 12:44:31 --> Could not find the language line "menu users manage_users"
ERROR - 2015-06-29 12:44:35 --> Severity: Notice --> Undefined property: stdClass::$idUser /usr/www/users/etadarwskd/application/views/templates/view.php 45
ERROR - 2015-06-29 12:44:35 --> Severity: Notice --> Undefined property: stdClass::$enabledUser /usr/www/users/etadarwskd/application/views/templates/view.php 47
ERROR - 2015-06-29 12:44:35 --> Severity: Notice --> Undefined property: stdClass::$enabledUser /usr/www/users/etadarwskd/application/views/templates/view.php 48
ERROR - 2015-06-29 12:44:35 --> Severity: Notice --> Undefined property: stdClass::$nameTemplate /usr/www/users/etadarwskd/application/views/templates/view.php 52
ERROR - 2015-06-29 12:44:35 --> Severity: Notice --> Undefined property: stdClass::$uinameUserRole /usr/www/users/etadarwskd/application/views/templates/view.php 54
ERROR - 2015-06-29 12:44:35 --> Severity: Notice --> Undefined property: stdClass::$idUser /usr/www/users/etadarwskd/application/views/templates/view.php 45
ERROR - 2015-06-29 12:44:35 --> Severity: Notice --> Undefined property: stdClass::$enabledUser /usr/www/users/etadarwskd/application/views/templates/view.php 47
ERROR - 2015-06-29 12:44:35 --> Severity: Notice --> Undefined property: stdClass::$enabledUser /usr/www/users/etadarwskd/application/views/templates/view.php 48
ERROR - 2015-06-29 12:44:35 --> Severity: Notice --> Undefined property: stdClass::$nameTemplate /usr/www/users/etadarwskd/application/views/templates/view.php 52
ERROR - 2015-06-29 12:44:35 --> Severity: Notice --> Undefined property: stdClass::$uinameUserRole /usr/www/users/etadarwskd/application/views/templates/view.php 54
ERROR - 2015-06-29 12:44:35 --> Severity: Notice --> Undefined property: stdClass::$idUser /usr/www/users/etadarwskd/application/views/templates/view.php 45
ERROR - 2015-06-29 12:44:35 --> Severity: Notice --> Undefined property: stdClass::$enabledUser /usr/www/users/etadarwskd/application/views/templates/view.php 47
ERROR - 2015-06-29 12:44:35 --> Severity: Notice --> Undefined property: stdClass::$enabledUser /usr/www/users/etadarwskd/application/views/templates/view.php 48
ERROR - 2015-06-29 12:44:35 --> Severity: Notice --> Undefined property: stdClass::$nameTemplate /usr/www/users/etadarwskd/application/views/templates/view.php 52
ERROR - 2015-06-29 12:44:35 --> Severity: Notice --> Undefined property: stdClass::$uinameUserRole /usr/www/users/etadarwskd/application/views/templates/view.php 54
ERROR - 2015-06-29 12:44:35 --> Severity: Notice --> Undefined property: stdClass::$idUser /usr/www/users/etadarwskd/application/views/templates/view.php 45
ERROR - 2015-06-29 12:44:35 --> Severity: Notice --> Undefined property: stdClass::$enabledUser /usr/www/users/etadarwskd/application/views/templates/view.php 47
ERROR - 2015-06-29 12:44:35 --> Severity: Notice --> Undefined property: stdClass::$enabledUser /usr/www/users/etadarwskd/application/views/templates/view.php 48
ERROR - 2015-06-29 12:44:35 --> Severity: Notice --> Undefined property: stdClass::$nameTemplate /usr/www/users/etadarwskd/application/views/templates/view.php 52
ERROR - 2015-06-29 12:44:35 --> Severity: Notice --> Undefined property: stdClass::$uinameUserRole /usr/www/users/etadarwskd/application/views/templates/view.php 54
ERROR - 2015-06-29 12:44:35 --> Severity: Notice --> Undefined property: stdClass::$idUser /usr/www/users/etadarwskd/application/views/templates/view.php 45
ERROR - 2015-06-29 12:44:35 --> Severity: Notice --> Undefined property: stdClass::$enabledUser /usr/www/users/etadarwskd/application/views/templates/view.php 47
ERROR - 2015-06-29 12:44:35 --> Severity: Notice --> Undefined property: stdClass::$enabledUser /usr/www/users/etadarwskd/application/views/templates/view.php 48
ERROR - 2015-06-29 12:44:35 --> Severity: Notice --> Undefined property: stdClass::$nameTemplate /usr/www/users/etadarwskd/application/views/templates/view.php 52
ERROR - 2015-06-29 12:44:35 --> Severity: Notice --> Undefined property: stdClass::$uinameUserRole /usr/www/users/etadarwskd/application/views/templates/view.php 54
ERROR - 2015-06-29 12:44:35 --> Severity: Notice --> Undefined property: stdClass::$idUser /usr/www/users/etadarwskd/application/views/templates/view.php 45
ERROR - 2015-06-29 12:44:35 --> Severity: Notice --> Undefined property: stdClass::$enabledUser /usr/www/users/etadarwskd/application/views/templates/view.php 47
ERROR - 2015-06-29 12:44:35 --> Severity: Notice --> Undefined property: stdClass::$enabledUser /usr/www/users/etadarwskd/application/views/templates/view.php 48
ERROR - 2015-06-29 12:44:35 --> Severity: Notice --> Undefined property: stdClass::$nameTemplate /usr/www/users/etadarwskd/application/views/templates/view.php 52
ERROR - 2015-06-29 12:44:35 --> Severity: Notice --> Undefined property: stdClass::$uinameUserRole /usr/www/users/etadarwskd/application/views/templates/view.php 54
ERROR - 2015-06-29 12:44:35 --> Could not find the language line "menu users manage_users"
ERROR - 2015-06-29 12:49:06 --> Severity: Notice --> Undefined property: stdClass::$idUser /usr/www/users/etadarwskd/application/views/templates/view.php 45
ERROR - 2015-06-29 12:49:06 --> Severity: Notice --> Undefined property: stdClass::$enabledUser /usr/www/users/etadarwskd/application/views/templates/view.php 47
ERROR - 2015-06-29 12:49:06 --> Severity: Notice --> Undefined property: stdClass::$enabledUser /usr/www/users/etadarwskd/application/views/templates/view.php 48
ERROR - 2015-06-29 12:49:06 --> Severity: Notice --> Undefined property: stdClass::$nameTemplate /usr/www/users/etadarwskd/application/views/templates/view.php 52
ERROR - 2015-06-29 12:49:06 --> Severity: Notice --> Undefined property: stdClass::$uinameUserRole /usr/www/users/etadarwskd/application/views/templates/view.php 54
ERROR - 2015-06-29 12:49:06 --> Severity: Notice --> Undefined property: stdClass::$idUser /usr/www/users/etadarwskd/application/views/templates/view.php 45
ERROR - 2015-06-29 12:49:06 --> Severity: Notice --> Undefined property: stdClass::$enabledUser /usr/www/users/etadarwskd/application/views/templates/view.php 47
ERROR - 2015-06-29 12:49:06 --> Severity: Notice --> Undefined property: stdClass::$enabledUser /usr/www/users/etadarwskd/application/views/templates/view.php 48
ERROR - 2015-06-29 12:49:06 --> Severity: Notice --> Undefined property: stdClass::$nameTemplate /usr/www/users/etadarwskd/application/views/templates/view.php 52
ERROR - 2015-06-29 12:49:06 --> Severity: Notice --> Undefined property: stdClass::$uinameUserRole /usr/www/users/etadarwskd/application/views/templates/view.php 54
ERROR - 2015-06-29 12:49:06 --> Severity: Notice --> Undefined property: stdClass::$idUser /usr/www/users/etadarwskd/application/views/templates/view.php 45
ERROR - 2015-06-29 12:49:06 --> Severity: Notice --> Undefined property: stdClass::$enabledUser /usr/www/users/etadarwskd/application/views/templates/view.php 47
ERROR - 2015-06-29 12:49:06 --> Severity: Notice --> Undefined property: stdClass::$enabledUser /usr/www/users/etadarwskd/application/views/templates/view.php 48
ERROR - 2015-06-29 12:49:06 --> Severity: Notice --> Undefined property: stdClass::$nameTemplate /usr/www/users/etadarwskd/application/views/templates/view.php 52
ERROR - 2015-06-29 12:49:06 --> Severity: Notice --> Undefined property: stdClass::$uinameUserRole /usr/www/users/etadarwskd/application/views/templates/view.php 54
ERROR - 2015-06-29 12:49:06 --> Severity: Notice --> Undefined property: stdClass::$idUser /usr/www/users/etadarwskd/application/views/templates/view.php 45
ERROR - 2015-06-29 12:49:06 --> Severity: Notice --> Undefined property: stdClass::$enabledUser /usr/www/users/etadarwskd/application/views/templates/view.php 47
ERROR - 2015-06-29 12:49:06 --> Severity: Notice --> Undefined property: stdClass::$enabledUser /usr/www/users/etadarwskd/application/views/templates/view.php 48
ERROR - 2015-06-29 12:49:06 --> Severity: Notice --> Undefined property: stdClass::$nameTemplate /usr/www/users/etadarwskd/application/views/templates/view.php 52
ERROR - 2015-06-29 12:49:06 --> Severity: Notice --> Undefined property: stdClass::$uinameUserRole /usr/www/users/etadarwskd/application/views/templates/view.php 54
ERROR - 2015-06-29 12:49:06 --> Severity: Notice --> Undefined property: stdClass::$idUser /usr/www/users/etadarwskd/application/views/templates/view.php 45
ERROR - 2015-06-29 12:49:06 --> Severity: Notice --> Undefined property: stdClass::$enabledUser /usr/www/users/etadarwskd/application/views/templates/view.php 47
ERROR - 2015-06-29 12:49:06 --> Severity: Notice --> Undefined property: stdClass::$enabledUser /usr/www/users/etadarwskd/application/views/templates/view.php 48
ERROR - 2015-06-29 12:49:06 --> Severity: Notice --> Undefined property: stdClass::$nameTemplate /usr/www/users/etadarwskd/application/views/templates/view.php 52
ERROR - 2015-06-29 12:49:06 --> Severity: Notice --> Undefined property: stdClass::$uinameUserRole /usr/www/users/etadarwskd/application/views/templates/view.php 54
ERROR - 2015-06-29 12:49:06 --> Severity: Notice --> Undefined property: stdClass::$idUser /usr/www/users/etadarwskd/application/views/templates/view.php 45
ERROR - 2015-06-29 12:49:06 --> Severity: Notice --> Undefined property: stdClass::$enabledUser /usr/www/users/etadarwskd/application/views/templates/view.php 47
ERROR - 2015-06-29 12:49:06 --> Severity: Notice --> Undefined property: stdClass::$enabledUser /usr/www/users/etadarwskd/application/views/templates/view.php 48
ERROR - 2015-06-29 12:49:06 --> Severity: Notice --> Undefined property: stdClass::$nameTemplate /usr/www/users/etadarwskd/application/views/templates/view.php 52
ERROR - 2015-06-29 12:49:06 --> Severity: Notice --> Undefined property: stdClass::$uinameUserRole /usr/www/users/etadarwskd/application/views/templates/view.php 54
ERROR - 2015-06-29 12:49:06 --> Could not find the language line "menu users manage_users"
ERROR - 2015-06-29 12:49:10 --> Severity: Notice --> Undefined property: stdClass::$idUser /usr/www/users/etadarwskd/application/views/templates/view.php 45
ERROR - 2015-06-29 12:49:10 --> Severity: Notice --> Undefined property: stdClass::$enabledUser /usr/www/users/etadarwskd/application/views/templates/view.php 47
ERROR - 2015-06-29 12:49:10 --> Severity: Notice --> Undefined property: stdClass::$enabledUser /usr/www/users/etadarwskd/application/views/templates/view.php 48
ERROR - 2015-06-29 12:49:10 --> Severity: Notice --> Undefined property: stdClass::$nameTemplate /usr/www/users/etadarwskd/application/views/templates/view.php 52
ERROR - 2015-06-29 12:49:10 --> Severity: Notice --> Undefined property: stdClass::$uinameUserRole /usr/www/users/etadarwskd/application/views/templates/view.php 54
ERROR - 2015-06-29 12:49:10 --> Severity: Notice --> Undefined property: stdClass::$idUser /usr/www/users/etadarwskd/application/views/templates/view.php 45
ERROR - 2015-06-29 12:49:10 --> Severity: Notice --> Undefined property: stdClass::$enabledUser /usr/www/users/etadarwskd/application/views/templates/view.php 47
ERROR - 2015-06-29 12:49:10 --> Severity: Notice --> Undefined property: stdClass::$enabledUser /usr/www/users/etadarwskd/application/views/templates/view.php 48
ERROR - 2015-06-29 12:49:10 --> Severity: Notice --> Undefined property: stdClass::$nameTemplate /usr/www/users/etadarwskd/application/views/templates/view.php 52
ERROR - 2015-06-29 12:49:10 --> Severity: Notice --> Undefined property: stdClass::$uinameUserRole /usr/www/users/etadarwskd/application/views/templates/view.php 54
ERROR - 2015-06-29 12:49:10 --> Severity: Notice --> Undefined property: stdClass::$idUser /usr/www/users/etadarwskd/application/views/templates/view.php 45
ERROR - 2015-06-29 12:49:10 --> Severity: Notice --> Undefined property: stdClass::$enabledUser /usr/www/users/etadarwskd/application/views/templates/view.php 47
ERROR - 2015-06-29 12:49:10 --> Severity: Notice --> Undefined property: stdClass::$enabledUser /usr/www/users/etadarwskd/application/views/templates/view.php 48
ERROR - 2015-06-29 12:49:10 --> Severity: Notice --> Undefined property: stdClass::$nameTemplate /usr/www/users/etadarwskd/application/views/templates/view.php 52
ERROR - 2015-06-29 12:49:10 --> Severity: Notice --> Undefined property: stdClass::$uinameUserRole /usr/www/users/etadarwskd/application/views/templates/view.php 54
ERROR - 2015-06-29 12:49:10 --> Severity: Notice --> Undefined property: stdClass::$idUser /usr/www/users/etadarwskd/application/views/templates/view.php 45
ERROR - 2015-06-29 12:49:10 --> Severity: Notice --> Undefined property: stdClass::$enabledUser /usr/www/users/etadarwskd/application/views/templates/view.php 47
ERROR - 2015-06-29 12:49:10 --> Severity: Notice --> Undefined property: stdClass::$enabledUser /usr/www/users/etadarwskd/application/views/templates/view.php 48
ERROR - 2015-06-29 12:49:10 --> Severity: Notice --> Undefined property: stdClass::$nameTemplate /usr/www/users/etadarwskd/application/views/templates/view.php 52
ERROR - 2015-06-29 12:49:10 --> Severity: Notice --> Undefined property: stdClass::$uinameUserRole /usr/www/users/etadarwskd/application/views/templates/view.php 54
ERROR - 2015-06-29 12:49:10 --> Severity: Notice --> Undefined property: stdClass::$idUser /usr/www/users/etadarwskd/application/views/templates/view.php 45
ERROR - 2015-06-29 12:49:10 --> Severity: Notice --> Undefined property: stdClass::$enabledUser /usr/www/users/etadarwskd/application/views/templates/view.php 47
ERROR - 2015-06-29 12:49:10 --> Severity: Notice --> Undefined property: stdClass::$enabledUser /usr/www/users/etadarwskd/application/views/templates/view.php 48
ERROR - 2015-06-29 12:49:10 --> Severity: Notice --> Undefined property: stdClass::$nameTemplate /usr/www/users/etadarwskd/application/views/templates/view.php 52
ERROR - 2015-06-29 12:49:10 --> Severity: Notice --> Undefined property: stdClass::$uinameUserRole /usr/www/users/etadarwskd/application/views/templates/view.php 54
ERROR - 2015-06-29 12:49:10 --> Severity: Notice --> Undefined property: stdClass::$idUser /usr/www/users/etadarwskd/application/views/templates/view.php 45
ERROR - 2015-06-29 12:49:10 --> Severity: Notice --> Undefined property: stdClass::$enabledUser /usr/www/users/etadarwskd/application/views/templates/view.php 47
ERROR - 2015-06-29 12:49:10 --> Severity: Notice --> Undefined property: stdClass::$enabledUser /usr/www/users/etadarwskd/application/views/templates/view.php 48
ERROR - 2015-06-29 12:49:10 --> Severity: Notice --> Undefined property: stdClass::$nameTemplate /usr/www/users/etadarwskd/application/views/templates/view.php 52
ERROR - 2015-06-29 12:49:10 --> Severity: Notice --> Undefined property: stdClass::$uinameUserRole /usr/www/users/etadarwskd/application/views/templates/view.php 54
ERROR - 2015-06-29 12:49:10 --> Could not find the language line "menu users manage_users"
ERROR - 2015-06-29 12:49:13 --> Could not find the language line "menu users manage_users"
ERROR - 2015-06-29 12:49:20 --> Severity: Notice --> Undefined property: stdClass::$idUser /usr/www/users/etadarwskd/application/views/templates/view.php 45
ERROR - 2015-06-29 12:49:20 --> Severity: Notice --> Undefined property: stdClass::$enabledUser /usr/www/users/etadarwskd/application/views/templates/view.php 47
ERROR - 2015-06-29 12:49:20 --> Severity: Notice --> Undefined property: stdClass::$enabledUser /usr/www/users/etadarwskd/application/views/templates/view.php 48
ERROR - 2015-06-29 12:49:20 --> Severity: Notice --> Undefined property: stdClass::$nameTemplate /usr/www/users/etadarwskd/application/views/templates/view.php 52
ERROR - 2015-06-29 12:49:20 --> Severity: Notice --> Undefined property: stdClass::$uinameUserRole /usr/www/users/etadarwskd/application/views/templates/view.php 54
ERROR - 2015-06-29 12:49:20 --> Severity: Notice --> Undefined property: stdClass::$idUser /usr/www/users/etadarwskd/application/views/templates/view.php 45
ERROR - 2015-06-29 12:49:20 --> Severity: Notice --> Undefined property: stdClass::$enabledUser /usr/www/users/etadarwskd/application/views/templates/view.php 47
ERROR - 2015-06-29 12:49:20 --> Severity: Notice --> Undefined property: stdClass::$enabledUser /usr/www/users/etadarwskd/application/views/templates/view.php 48
ERROR - 2015-06-29 12:49:20 --> Severity: Notice --> Undefined property: stdClass::$nameTemplate /usr/www/users/etadarwskd/application/views/templates/view.php 52
ERROR - 2015-06-29 12:49:20 --> Severity: Notice --> Undefined property: stdClass::$uinameUserRole /usr/www/users/etadarwskd/application/views/templates/view.php 54
ERROR - 2015-06-29 12:49:20 --> Severity: Notice --> Undefined property: stdClass::$idUser /usr/www/users/etadarwskd/application/views/templates/view.php 45
ERROR - 2015-06-29 12:49:20 --> Severity: Notice --> Undefined property: stdClass::$enabledUser /usr/www/users/etadarwskd/application/views/templates/view.php 47
ERROR - 2015-06-29 12:49:20 --> Severity: Notice --> Undefined property: stdClass::$enabledUser /usr/www/users/etadarwskd/application/views/templates/view.php 48
ERROR - 2015-06-29 12:49:20 --> Severity: Notice --> Undefined property: stdClass::$nameTemplate /usr/www/users/etadarwskd/application/views/templates/view.php 52
ERROR - 2015-06-29 12:49:20 --> Severity: Notice --> Undefined property: stdClass::$uinameUserRole /usr/www/users/etadarwskd/application/views/templates/view.php 54
ERROR - 2015-06-29 12:49:20 --> Severity: Notice --> Undefined property: stdClass::$idUser /usr/www/users/etadarwskd/application/views/templates/view.php 45
ERROR - 2015-06-29 12:49:20 --> Severity: Notice --> Undefined property: stdClass::$enabledUser /usr/www/users/etadarwskd/application/views/templates/view.php 47
ERROR - 2015-06-29 12:49:20 --> Severity: Notice --> Undefined property: stdClass::$enabledUser /usr/www/users/etadarwskd/application/views/templates/view.php 48
ERROR - 2015-06-29 12:49:20 --> Severity: Notice --> Undefined property: stdClass::$nameTemplate /usr/www/users/etadarwskd/application/views/templates/view.php 52
ERROR - 2015-06-29 12:49:20 --> Severity: Notice --> Undefined property: stdClass::$uinameUserRole /usr/www/users/etadarwskd/application/views/templates/view.php 54
ERROR - 2015-06-29 12:49:20 --> Severity: Notice --> Undefined property: stdClass::$idUser /usr/www/users/etadarwskd/application/views/templates/view.php 45
ERROR - 2015-06-29 12:49:20 --> Severity: Notice --> Undefined property: stdClass::$enabledUser /usr/www/users/etadarwskd/application/views/templates/view.php 47
ERROR - 2015-06-29 12:49:20 --> Severity: Notice --> Undefined property: stdClass::$enabledUser /usr/www/users/etadarwskd/application/views/templates/view.php 48
ERROR - 2015-06-29 12:49:20 --> Severity: Notice --> Undefined property: stdClass::$nameTemplate /usr/www/users/etadarwskd/application/views/templates/view.php 52
ERROR - 2015-06-29 12:49:20 --> Severity: Notice --> Undefined property: stdClass::$uinameUserRole /usr/www/users/etadarwskd/application/views/templates/view.php 54
ERROR - 2015-06-29 12:49:20 --> Severity: Notice --> Undefined property: stdClass::$idUser /usr/www/users/etadarwskd/application/views/templates/view.php 45
ERROR - 2015-06-29 12:49:20 --> Severity: Notice --> Undefined property: stdClass::$enabledUser /usr/www/users/etadarwskd/application/views/templates/view.php 47
ERROR - 2015-06-29 12:49:20 --> Severity: Notice --> Undefined property: stdClass::$enabledUser /usr/www/users/etadarwskd/application/views/templates/view.php 48
ERROR - 2015-06-29 12:49:20 --> Severity: Notice --> Undefined property: stdClass::$nameTemplate /usr/www/users/etadarwskd/application/views/templates/view.php 52
ERROR - 2015-06-29 12:49:20 --> Severity: Notice --> Undefined property: stdClass::$uinameUserRole /usr/www/users/etadarwskd/application/views/templates/view.php 54
ERROR - 2015-06-29 12:49:20 --> Could not find the language line "menu users manage_users"
ERROR - 2015-06-29 12:49:24 --> Could not find the language line "menu users manage_users"
ERROR - 2015-06-29 12:49:54 --> Could not find the language line "menu users manage_users"
ERROR - 2015-06-29 12:49:57 --> Could not find the language line "menu users manage_users"
ERROR - 2015-06-29 12:52:03 --> Could not find the language line "menu users manage_users"
ERROR - 2015-06-29 12:53:04 --> Severity: Warning --> Cannot modify header information - headers already sent by (output started at /usr/www/users/etadarwskd/application/models/Users_model.php:123) /usr/www/users/etadarwskd/system/core/Common.php 564
ERROR - 2015-06-29 12:53:04 --> Severity: Error --> Call to undefined function _generate_password() /usr/www/users/etadarwskd/application/models/Users_model.php 123
ERROR - 2015-06-29 12:53:26 --> Could not find the language line "menu users manage_users"
ERROR - 2015-06-29 12:54:05 --> Severity: Warning --> Cannot modify header information - headers already sent by (output started at /usr/www/users/etadarwskd/application/models/Users_model.php:123) /usr/www/users/etadarwskd/system/core/Common.php 564
ERROR - 2015-06-29 12:54:05 --> Severity: Error --> Call to undefined function _generate_password() /usr/www/users/etadarwskd/application/models/Users_model.php 123
ERROR - 2015-06-29 12:54:13 --> Could not find the language line "menu users manage_users"
ERROR - 2015-06-29 12:54:17 --> Could not find the language line "menu users manage_users"
ERROR - 2015-06-29 12:54:20 --> Could not find the language line "menu users manage_users"
ERROR - 2015-06-29 12:54:23 --> Could not find the language line "login error authentication_error"
ERROR - 2015-06-29 12:54:23 --> Could not find the language line "menu users manage_users"
ERROR - 2015-06-29 12:54:59 --> Could not find the language line "menu users manage_users"
ERROR - 2015-06-29 12:55:02 --> Could not find the language line "menu users manage_users"
ERROR - 2015-06-29 12:55:05 --> Could not find the language line "menu users manage_users"
ERROR - 2015-06-29 12:55:12 --> Could not find the language line "menu users manage_users"
ERROR - 2015-06-29 13:52:53 --> Could not find the language line "menu users manage_users"
ERROR - 2015-06-29 14:10:44 --> Severity: Parsing Error --> syntax error, unexpected ';' /usr/www/users/etadarwskd/themes/core/template.php 144
ERROR - 2015-06-29 14:15:55 --> Severity: Notice --> Undefined property: Missions::$missions_model /usr/www/users/etadarwskd/application/controllers/Missions.php 23
ERROR - 2015-06-29 14:15:55 --> Severity: Warning --> Cannot modify header information - headers already sent by (output started at /usr/www/users/etadarwskd/system/core/Exceptions.php:272) /usr/www/users/etadarwskd/system/core/Common.php 564
ERROR - 2015-06-29 14:15:55 --> Severity: Error --> Call to a member function get_all_missions() on null /usr/www/users/etadarwskd/application/controllers/Missions.php 23
ERROR - 2015-06-29 14:16:45 --> Severity: Warning --> Cannot modify header information - headers already sent by (output started at /usr/www/users/etadarwskd/application/models/Missions_model.php:13) /usr/www/users/etadarwskd/system/core/Common.php 564
ERROR - 2015-06-29 14:16:45 --> Severity: Compile Error --> Cannot redeclare Missions_model::$_tblUsers /usr/www/users/etadarwskd/application/models/Missions_model.php 13
ERROR - 2015-06-29 14:17:09 --> Severity: Warning --> Cannot modify header information - headers already sent by (output started at /usr/www/users/etadarwskd/application/models/Missions_model.php:197) /usr/www/users/etadarwskd/system/core/Common.php 564
ERROR - 2015-06-29 14:17:09 --> Severity: Compile Error --> Cannot redeclare Missions_model::get_user() /usr/www/users/etadarwskd/application/models/Missions_model.php 197
ERROR - 2015-06-29 14:17:43 --> Severity: Warning --> Cannot modify header information - headers already sent by (output started at /usr/www/users/etadarwskd/application/models/Missions_model.php:197) /usr/www/users/etadarwskd/system/core/Common.php 564
ERROR - 2015-06-29 14:17:43 --> Severity: Compile Error --> Cannot redeclare Missions_model::get_all_roles() /usr/www/users/etadarwskd/application/models/Missions_model.php 197
ERROR - 2015-06-29 14:18:15 --> Severity: Warning --> Cannot modify header information - headers already sent by (output started at /usr/www/users/etadarwskd/application/models/Missions_model.php:198) /usr/www/users/etadarwskd/system/core/Common.php 564
ERROR - 2015-06-29 14:18:15 --> Severity: Compile Error --> Cannot redeclare Missions_model::get_all_languages() /usr/www/users/etadarwskd/application/models/Missions_model.php 198
ERROR - 2015-06-29 14:18:24 --> Severity: Warning --> Cannot modify header information - headers already sent by (output started at /usr/www/users/etadarwskd/application/models/Missions_model.php:199) /usr/www/users/etadarwskd/system/core/Common.php 564
ERROR - 2015-06-29 14:18:24 --> Severity: Compile Error --> Cannot redeclare Missions_model::get_all_missions() /usr/www/users/etadarwskd/application/models/Missions_model.php 199
ERROR - 2015-06-29 14:18:32 --> Severity: Warning --> Cannot modify header information - headers already sent by (output started at /usr/www/users/etadarwskd/application/models/Missions_model.php:199) /usr/www/users/etadarwskd/system/core/Common.php 564
ERROR - 2015-06-29 14:18:32 --> Severity: Compile Error --> Cannot redeclare Missions_model::update_user() /usr/www/users/etadarwskd/application/models/Missions_model.php 199
ERROR - 2015-06-29 14:18:39 --> Severity: Warning --> Cannot modify header information - headers already sent by (output started at /usr/www/users/etadarwskd/application/models/Missions_model.php:199) /usr/www/users/etadarwskd/system/core/Common.php 564
ERROR - 2015-06-29 14:18:39 --> Severity: Compile Error --> Cannot redeclare Missions_model::create_user() /usr/www/users/etadarwskd/application/models/Missions_model.php 199
ERROR - 2015-06-29 14:18:49 --> Severity: Warning --> Cannot modify header information - headers already sent by (output started at /usr/www/users/etadarwskd/application/models/Missions_model.php:199) /usr/www/users/etadarwskd/system/core/Common.php 564
ERROR - 2015-06-29 14:18:49 --> Severity: Compile Error --> Cannot redeclare Missions_model::able_user() /usr/www/users/etadarwskd/application/models/Missions_model.php 199
ERROR - 2015-06-29 14:18:54 --> Severity: Warning --> Cannot modify header information - headers already sent by (output started at /usr/www/users/etadarwskd/application/models/Missions_model.php:232) /usr/www/users/etadarwskd/system/core/Common.php 564
ERROR - 2015-06-29 14:18:54 --> Severity: Compile Error --> Cannot redeclare Missions_model::_check_email_exists() /usr/www/users/etadarwskd/application/models/Missions_model.php 232
ERROR - 2015-06-29 14:19:21 --> Severity: Notice --> Undefined variable: template_type /usr/www/users/etadarwskd/application/views/missions/view.php 8
ERROR - 2015-06-29 14:19:21 --> Severity: Notice --> Trying to get property of non-object /usr/www/users/etadarwskd/application/views/missions/view.php 8
ERROR - 2015-06-29 14:19:21 --> Severity: Notice --> Undefined variable: template_type /usr/www/users/etadarwskd/application/views/missions/view.php 8
ERROR - 2015-06-29 14:19:21 --> Severity: Notice --> Trying to get property of non-object /usr/www/users/etadarwskd/application/views/missions/view.php 8
ERROR - 2015-06-29 14:19:21 --> Severity: Notice --> Undefined variable: templates /usr/www/users/etadarwskd/application/views/missions/view.php 19
ERROR - 2015-06-29 14:19:21 --> Severity: Notice --> Undefined variable: template_type /usr/www/users/etadarwskd/application/views/missions/view.php 71
ERROR - 2015-06-29 14:19:21 --> Severity: Notice --> Trying to get property of non-object /usr/www/users/etadarwskd/application/views/missions/view.php 71
ERROR - 2015-06-29 14:19:21 --> Severity: Notice --> Undefined variable: template_type /usr/www/users/etadarwskd/application/views/missions/view.php 71
ERROR - 2015-06-29 14:19:21 --> Severity: Notice --> Trying to get property of non-object /usr/www/users/etadarwskd/application/views/missions/view.php 71
ERROR - 2015-06-29 14:19:21 --> Severity: Notice --> Undefined variable: users /usr/www/users/etadarwskd/application/views/missions/view.php 109
ERROR - 2015-06-29 15:16:55 --> Severity: Warning --> Cannot modify header information - headers already sent by (output started at /usr/www/users/etadarwskd/application/models/Missions_model.php:45) /usr/www/users/etadarwskd/system/core/Common.php 564
ERROR - 2015-06-29 15:16:55 --> Severity: Compile Error --> Cannot redeclare Missions_model::get_all_missions() /usr/www/users/etadarwskd/application/models/Missions_model.php 45
ERROR - 2015-06-29 15:24:41 --> Severity: Notice --> Undefined variable: users /usr/www/users/etadarwskd/application/views/missions/view.php 118
ERROR - 2015-06-29 15:25:03 --> 404 Page Not Found: Missions/add
ERROR - 2015-06-29 15:25:03 --> 404 Page Not Found: Themes/core
ERROR - 2015-06-29 15:25:59 --> Severity: Notice --> Undefined property: Missions::$users_model /usr/www/users/etadarwskd/application/controllers/Missions.php 95
ERROR - 2015-06-29 15:25:59 --> Severity: Warning --> Cannot modify header information - headers already sent by (output started at /usr/www/users/etadarwskd/system/core/Exceptions.php:272) /usr/www/users/etadarwskd/system/core/Common.php 564
ERROR - 2015-06-29 15:25:59 --> Severity: Error --> Call to a member function get_user() on null /usr/www/users/etadarwskd/application/controllers/Missions.php 95
ERROR - 2015-06-29 16:46:02 --> Severity: Notice --> Undefined property: Missions::$users_model /usr/www/users/etadarwskd/application/controllers/Missions.php 99
ERROR - 2015-06-29 16:46:02 --> Severity: Warning --> Cannot modify header information - headers already sent by (output started at /usr/www/users/etadarwskd/system/core/Exceptions.php:272) /usr/www/users/etadarwskd/system/core/Common.php 564
ERROR - 2015-06-29 16:46:02 --> Severity: Error --> Call to a member function get_user() on null /usr/www/users/etadarwskd/application/controllers/Missions.php 99
