ERROR - 2015-06-26 02:20:23 --> Severity: Core Warning --> Module 'json' already loaded Unknown 0
ERROR - 2015-06-26 05:01:03 --> Severity: Core Warning --> Module 'json' already loaded Unknown 0
ERROR - 2015-06-26 09:05:39 --> Severity: Notice --> Undefined property: stdClass::$adminUser /usr/www/users/etadarwskd/themes/core/template.php 84
ERROR - 2015-06-26 09:06:02 --> Severity: Notice --> Undefined property: stdClass::$adminUser /usr/www/users/etadarwskd/themes/core/template.php 84
ERROR - 2015-06-26 11:55:29 --> Severity: Notice --> Undefined variable: clients /usr/www/users/etadarwskd/application/views/users/view.php 19
ERROR - 2015-06-26 12:26:18 --> Severity: Error --> Call to a member function result() on null /usr/www/users/etadarwskd/application/views/users/view.php 19
ERROR - 2015-06-26 12:26:59 --> Severity: Error --> Call to a member function result() on null /usr/www/users/etadarwskd/application/views/users/view.php 19
ERROR - 2015-06-26 14:01:20 --> Severity: Parsing Error --> syntax error, unexpected ';' /usr/www/users/etadarwskd/application/views/users/view.php 48
ERROR - 2015-06-26 14:01:37 --> Severity: Notice --> Undefined property: stdClass::$idClient /usr/www/users/etadarwskd/application/views/users/view.php 45
ERROR - 2015-06-26 14:01:37 --> Severity: Notice --> Undefined property: stdClass::$idClient /usr/www/users/etadarwskd/application/views/users/view.php 45
ERROR - 2015-06-26 14:05:12 --> Severity: Notice --> Undefined variable: client /usr/www/users/etadarwskd/application/views/users/modify.php 21
ERROR - 2015-06-26 14:05:12 --> Severity: Notice --> Trying to get property of non-object /usr/www/users/etadarwskd/application/views/users/modify.php 21
ERROR - 2015-06-26 14:05:12 --> Severity: Notice --> Undefined variable: client /usr/www/users/etadarwskd/application/views/users/modify.php 22
ERROR - 2015-06-26 14:05:12 --> Severity: Notice --> Trying to get property of non-object /usr/www/users/etadarwskd/application/views/users/modify.php 22
ERROR - 2015-06-26 14:05:12 --> Severity: Notice --> Undefined variable: client /usr/www/users/etadarwskd/application/views/users/modify.php 23
ERROR - 2015-06-26 14:05:12 --> Severity: Notice --> Trying to get property of non-object /usr/www/users/etadarwskd/application/views/users/modify.php 23
ERROR - 2015-06-26 14:05:12 --> Severity: Notice --> Undefined variable: client /usr/www/users/etadarwskd/application/views/users/modify.php 24
ERROR - 2015-06-26 14:05:12 --> Severity: Notice --> Trying to get property of non-object /usr/www/users/etadarwskd/application/views/users/modify.php 24
ERROR - 2015-06-26 14:05:12 --> Severity: Notice --> Undefined variable: client /usr/www/users/etadarwskd/application/views/users/modify.php 25
ERROR - 2015-06-26 14:05:12 --> Severity: Notice --> Trying to get property of non-object /usr/www/users/etadarwskd/application/views/users/modify.php 25
ERROR - 2015-06-26 14:05:12 --> Severity: Notice --> Undefined variable: client /usr/www/users/etadarwskd/application/views/users/modify.php 26
ERROR - 2015-06-26 14:05:12 --> Severity: Notice --> Trying to get property of non-object /usr/www/users/etadarwskd/application/views/users/modify.php 26
ERROR - 2015-06-26 14:24:26 --> Severity: Notice --> Undefined variable: intUserID /usr/www/users/etadarwskd/application/models/Users_model.php 54
ERROR - 2015-06-26 14:46:02 --> Severity: Parsing Error --> syntax error, unexpected ')', expecting variable (T_VARIABLE) or '$' /usr/www/users/etadarwskd/application/views/users/modify.php 69
ERROR - 2015-06-26 14:56:28 --> Severity: Notice --> Undefined property: stdClass::$idUserRole /usr/www/users/etadarwskd/application/views/users/modify.php 37
